<?xml version="1.0" encoding="UTF-8"?>
<!-- Generated by org.testng.reporters.JUnitXMLReporter -->
<testsuite hostname="AvichaiDavidi" ignored="0" name="Default test" tests="6" failures="0" timestamp="05 פבר 2019 09:41:39 GMT" time="39.147" errors="0">
  <testcase name="loginTests" time="2.506" classname="saucedemo.com.tests.LoginTest"/>
  <testcase name="loginTests" time="2.372" classname="saucedemo.com.tests.LoginTest"/>
  <testcase name="loginTests" time="2.32" classname="saucedemo.com.tests.LoginTest"/>
  <testcase name="loginTests" time="2.311" classname="saucedemo.com.tests.LoginTest"/>
  <testcase name="loginTests" time="2.318" classname="saucedemo.com.tests.LoginTest"/>
  <testcase name="loginTests" time="16.611" classname="saucedemo.com.tests.LoginTest"/>
</testsuite> <!-- Default test -->
