<?xml version="1.0" encoding="UTF-8"?>
<!-- Generated by org.testng.reporters.JUnitXMLReporter -->
<testsuite hostname="AvichaiDavidi" ignored="0" name="Test" tests="8" failures="6" timestamp="24 דצמ 2018 22:32:05 GMT" time="17.442" errors="0">
  <testcase name="@AfterClass closeSite" time="0.0" classname="saucedemo.com.tests.BaseTest">
    <failure type="java.lang.NullPointerException">
      <![CDATA[java.lang.NullPointerException
at saucedemo.com.tests.BaseTest.closeSite(BaseTest.java:35)
... Removed 26 stack frames]]>
    </failure>
  </testcase> <!-- @AfterClass closeSite -->
  <testcase name="@AfterClass closeSite" time="0.0" classname="saucedemo.com.tests.BaseTest">
    <skipped/>
  </testcase> <!-- @AfterClass closeSite -->
  <testcase name="title_Test" time="0.025" classname="saucedemo.com.tests.LoginTest">
    <failure type="java.lang.NullPointerException">
      <![CDATA[java.lang.NullPointerException
at saucedemo.com.pageobjects.BasePage.titleTest(BasePage.java:23)
at saucedemo.com.tests.LoginTest.title_Test(LoginTest.java:23)
... Removed 25 stack frames]]>
    </failure>
  </testcase> <!-- title_Test -->
  <testcase name="Basic_Test" time="10.063" classname="saucedemo.com.tests.AllItemsTest"/>
  <testcase name="loginFailed" time="0.102" classname="saucedemo.com.tests.LoginTest">
    <failure type="java.lang.NullPointerException">
      <![CDATA[java.lang.NullPointerException
at org.openqa.selenium.support.pagefactory.DefaultElementLocator.findElement(DefaultElementLocator.java:69)
at org.openqa.selenium.support.pagefactory.internal.LocatingElementHandler.invoke(LocatingElementHandler.java:38)
at com.sun.proxy.$Proxy10.clear(Unknown Source)
at saucedemo.com.pageobjects.BasePage.clearText(BasePage.java:63)
at saucedemo.com.pageobjects.BasePage.fillText(BasePage.java:34)
at saucedemo.com.pageobjects.LoginPage.login(LoginPage.java:31)
at saucedemo.com.tests.LoginTest.loginFailed(LoginTest.java:31)
... Removed 25 stack frames]]>
    </failure>
  </testcase> <!-- loginFailed -->
  <testcase name="loginFailed" time="0.101" classname="saucedemo.com.tests.LoginTest">
    <failure type="java.lang.NullPointerException">
      <![CDATA[java.lang.NullPointerException
at org.openqa.selenium.support.pagefactory.DefaultElementLocator.findElement(DefaultElementLocator.java:69)
at org.openqa.selenium.support.pagefactory.internal.LocatingElementHandler.invoke(LocatingElementHandler.java:38)
at com.sun.proxy.$Proxy10.clear(Unknown Source)
at saucedemo.com.pageobjects.BasePage.clearText(BasePage.java:63)
at saucedemo.com.pageobjects.BasePage.fillText(BasePage.java:34)
at saucedemo.com.pageobjects.LoginPage.login(LoginPage.java:31)
at saucedemo.com.tests.LoginTest.loginFailed(LoginTest.java:31)
... Removed 25 stack frames]]>
    </failure>
  </testcase> <!-- loginFailed -->
  <testcase name="loginFailed" time="0.102" classname="saucedemo.com.tests.LoginTest">
    <failure type="java.lang.NullPointerException">
      <![CDATA[java.lang.NullPointerException
at org.openqa.selenium.support.pagefactory.DefaultElementLocator.findElement(DefaultElementLocator.java:69)
at org.openqa.selenium.support.pagefactory.internal.LocatingElementHandler.invoke(LocatingElementHandler.java:38)
at com.sun.proxy.$Proxy10.clear(Unknown Source)
at saucedemo.com.pageobjects.BasePage.clearText(BasePage.java:63)
at saucedemo.com.pageobjects.BasePage.fillText(BasePage.java:34)
at saucedemo.com.pageobjects.LoginPage.login(LoginPage.java:31)
at saucedemo.com.tests.LoginTest.loginFailed(LoginTest.java:31)
... Removed 25 stack frames]]>
    </failure>
  </testcase> <!-- loginFailed -->
  <testcase name="loginFailed" time="0.102" classname="saucedemo.com.tests.LoginTest">
    <failure type="java.lang.NullPointerException">
      <![CDATA[java.lang.NullPointerException
at org.openqa.selenium.support.pagefactory.DefaultElementLocator.findElement(DefaultElementLocator.java:69)
at org.openqa.selenium.support.pagefactory.internal.LocatingElementHandler.invoke(LocatingElementHandler.java:38)
at com.sun.proxy.$Proxy10.clear(Unknown Source)
at saucedemo.com.pageobjects.BasePage.clearText(BasePage.java:63)
at saucedemo.com.pageobjects.BasePage.fillText(BasePage.java:34)
at saucedemo.com.pageobjects.LoginPage.login(LoginPage.java:31)
at saucedemo.com.tests.LoginTest.loginFailed(LoginTest.java:31)
... Removed 25 stack frames]]>
    </failure>
  </testcase> <!-- loginFailed -->
  <testcase name="loginFailed" time="0.102" classname="saucedemo.com.tests.LoginTest">
    <failure type="java.lang.NullPointerException">
      <![CDATA[java.lang.NullPointerException
at org.openqa.selenium.support.pagefactory.DefaultElementLocator.findElement(DefaultElementLocator.java:69)
at org.openqa.selenium.support.pagefactory.internal.LocatingElementHandler.invoke(LocatingElementHandler.java:38)
at com.sun.proxy.$Proxy10.clear(Unknown Source)
at saucedemo.com.pageobjects.BasePage.clearText(BasePage.java:63)
at saucedemo.com.pageobjects.BasePage.fillText(BasePage.java:34)
at saucedemo.com.pageobjects.LoginPage.login(LoginPage.java:31)
at saucedemo.com.tests.LoginTest.loginFailed(LoginTest.java:31)
... Removed 25 stack frames]]>
    </failure>
  </testcase> <!-- loginFailed -->
  <testcase name="burger_Basic_Test" time="0.0" classname="saucedemo.com.tests.AllItemsTest">
    <skipped/>
  </testcase> <!-- burger_Basic_Test -->
</testsuite> <!-- Test -->
