<?xml version="1.0" encoding="UTF-8"?>
<testng-results skipped="0" failed="0" ignored="0" total="6" passed="6">
  <reporter-output>
  </reporter-output>
  <suite name="Default suite" duration-ms="39147" started-at="2019-02-05T09:41:00Z" finished-at="2019-02-05T09:41:39Z">
    <groups>
    </groups>
    <test name="Default test" duration-ms="39147" started-at="2019-02-05T09:41:00Z" finished-at="2019-02-05T09:41:39Z">
      <class name="saucedemo.com.tests.LoginTest">
        <test-method status="PASS" signature="setup()[pri:0, instance:saucedemo.com.tests.LoginTest@61832929]" name="setup" is-config="true" duration-ms="9565" started-at="2019-02-05T09:41:00Z" finished-at="2019-02-05T09:41:09Z">
          <reporter-output>
          </reporter-output>
        </test-method> <!-- setup -->
        <test-method status="PASS" signature="loginTests(java.lang.String, java.lang.String, java.lang.String)[pri:1, instance:saucedemo.com.tests.LoginTest@61832929]" name="loginTests" duration-ms="2506" started-at="2019-02-05T09:41:10Z" description="try all login options" data-provider="getDataFromExcel" finished-at="2019-02-05T09:41:12Z">
          <params>
            <param index="0">
              <value>
                <![CDATA[]]>
              </value>
            </param>
            <param index="1">
              <value>
                <![CDATA[]]>
              </value>
            </param>
            <param index="2">
              <value>
                <![CDATA[Epic sadface: Username is required]]>
              </value>
            </param>
          </params>
          <reporter-output>
          </reporter-output>
        </test-method> <!-- loginTests -->
        <test-method status="PASS" signature="failedTest(org.testng.ITestResult)[pri:0, instance:saucedemo.com.tests.LoginTest@61832929]" name="failedTest" is-config="true" duration-ms="1" started-at="2019-02-05T09:41:12Z" finished-at="2019-02-05T09:41:12Z">
          <params>
            <param index="0">
              <value>
                <![CDATA[[TestResult name=loginTests status=SUCCESS method=LoginTest.loginTests(java.lang.String, java.lang.String, java.lang.String)[pri:1, instance:saucedemo.com.tests.LoginTest@61832929] output={null}]]]>
              </value>
            </param>
          </params>
          <reporter-output>
          </reporter-output>
        </test-method> <!-- failedTest -->
        <test-method status="PASS" signature="loginTests(java.lang.String, java.lang.String, java.lang.String)[pri:1, instance:saucedemo.com.tests.LoginTest@61832929]" name="loginTests" duration-ms="2372" started-at="2019-02-05T09:41:12Z" description="try all login options" data-provider="getDataFromExcel" finished-at="2019-02-05T09:41:15Z">
          <params>
            <param index="0">
              <value>
                <![CDATA[]]>
              </value>
            </param>
            <param index="1">
              <value>
                <![CDATA[secret_sauce]]>
              </value>
            </param>
            <param index="2">
              <value>
                <![CDATA[Epic sadface: Username is required]]>
              </value>
            </param>
          </params>
          <reporter-output>
          </reporter-output>
        </test-method> <!-- loginTests -->
        <test-method status="PASS" signature="loginTests(java.lang.String, java.lang.String, java.lang.String)[pri:1, instance:saucedemo.com.tests.LoginTest@61832929]" name="loginTests" duration-ms="2320" started-at="2019-02-05T09:41:15Z" description="try all login options" data-provider="getDataFromExcel" finished-at="2019-02-05T09:41:17Z">
          <params>
            <param index="0">
              <value>
                <![CDATA[standard_user]]>
              </value>
            </param>
            <param index="1">
              <value>
                <![CDATA[]]>
              </value>
            </param>
            <param index="2">
              <value>
                <![CDATA[Epic sadface: Password is required]]>
              </value>
            </param>
          </params>
          <reporter-output>
          </reporter-output>
        </test-method> <!-- loginTests -->
        <test-method status="PASS" signature="failedTest(org.testng.ITestResult)[pri:0, instance:saucedemo.com.tests.LoginTest@61832929]" name="failedTest" is-config="true" duration-ms="0" started-at="2019-02-05T09:41:15Z" finished-at="2019-02-05T09:41:15Z">
          <params>
            <param index="0">
              <value>
                <![CDATA[[TestResult name=loginTests status=SUCCESS method=LoginTest.loginTests(java.lang.String, java.lang.String, java.lang.String)[pri:1, instance:saucedemo.com.tests.LoginTest@61832929] output={null}]]]>
              </value>
            </param>
          </params>
          <reporter-output>
          </reporter-output>
        </test-method> <!-- failedTest -->
        <test-method status="PASS" signature="failedTest(org.testng.ITestResult)[pri:0, instance:saucedemo.com.tests.LoginTest@61832929]" name="failedTest" is-config="true" duration-ms="0" started-at="2019-02-05T09:41:17Z" finished-at="2019-02-05T09:41:17Z">
          <params>
            <param index="0">
              <value>
                <![CDATA[[TestResult name=loginTests status=SUCCESS method=LoginTest.loginTests(java.lang.String, java.lang.String, java.lang.String)[pri:1, instance:saucedemo.com.tests.LoginTest@61832929] output={null}]]]>
              </value>
            </param>
          </params>
          <reporter-output>
          </reporter-output>
        </test-method> <!-- failedTest -->
        <test-method status="PASS" signature="loginTests(java.lang.String, java.lang.String, java.lang.String)[pri:1, instance:saucedemo.com.tests.LoginTest@61832929]" name="loginTests" duration-ms="2311" started-at="2019-02-05T09:41:17Z" description="try all login options" data-provider="getDataFromExcel" finished-at="2019-02-05T09:41:19Z">
          <params>
            <param index="0">
              <value>
                <![CDATA[standard_user]]>
              </value>
            </param>
            <param index="1">
              <value>
                <![CDATA[standard_user]]>
              </value>
            </param>
            <param index="2">
              <value>
                <![CDATA[Epic sadface: Username and password do not match any user in this service]]>
              </value>
            </param>
          </params>
          <reporter-output>
          </reporter-output>
        </test-method> <!-- loginTests -->
        <test-method status="PASS" signature="failedTest(org.testng.ITestResult)[pri:0, instance:saucedemo.com.tests.LoginTest@61832929]" name="failedTest" is-config="true" duration-ms="0" started-at="2019-02-05T09:41:19Z" finished-at="2019-02-05T09:41:19Z">
          <params>
            <param index="0">
              <value>
                <![CDATA[[TestResult name=loginTests status=SUCCESS method=LoginTest.loginTests(java.lang.String, java.lang.String, java.lang.String)[pri:1, instance:saucedemo.com.tests.LoginTest@61832929] output={null}]]]>
              </value>
            </param>
          </params>
          <reporter-output>
          </reporter-output>
        </test-method> <!-- failedTest -->
        <test-method status="PASS" signature="loginTests(java.lang.String, java.lang.String, java.lang.String)[pri:1, instance:saucedemo.com.tests.LoginTest@61832929]" name="loginTests" duration-ms="2318" started-at="2019-02-05T09:41:19Z" description="try all login options" data-provider="getDataFromExcel" finished-at="2019-02-05T09:41:22Z">
          <params>
            <param index="0">
              <value>
                <![CDATA[locked_out_user]]>
              </value>
            </param>
            <param index="1">
              <value>
                <![CDATA[secret_sauce]]>
              </value>
            </param>
            <param index="2">
              <value>
                <![CDATA[Epic sadface: Sorry, this user has been locked out.]]>
              </value>
            </param>
          </params>
          <reporter-output>
          </reporter-output>
        </test-method> <!-- loginTests -->
        <test-method status="PASS" signature="failedTest(org.testng.ITestResult)[pri:0, instance:saucedemo.com.tests.LoginTest@61832929]" name="failedTest" is-config="true" duration-ms="0" started-at="2019-02-05T09:41:22Z" finished-at="2019-02-05T09:41:22Z">
          <params>
            <param index="0">
              <value>
                <![CDATA[[TestResult name=loginTests status=SUCCESS method=LoginTest.loginTests(java.lang.String, java.lang.String, java.lang.String)[pri:1, instance:saucedemo.com.tests.LoginTest@61832929] output={null}]]]>
              </value>
            </param>
          </params>
          <reporter-output>
          </reporter-output>
        </test-method> <!-- failedTest -->
        <test-method status="PASS" signature="loginTests(java.lang.String, java.lang.String, java.lang.String)[pri:1, instance:saucedemo.com.tests.LoginTest@61832929]" name="loginTests" duration-ms="16611" started-at="2019-02-05T09:41:22Z" description="try all login options" data-provider="getDataFromExcel" finished-at="2019-02-05T09:41:38Z">
          <params>
            <param index="0">
              <value>
                <![CDATA[standard_user]]>
              </value>
            </param>
            <param index="1">
              <value>
                <![CDATA[secret_sauce]]>
              </value>
            </param>
            <param index="2">
              <value>
                <![CDATA[]]>
              </value>
            </param>
          </params>
          <reporter-output>
          </reporter-output>
        </test-method> <!-- loginTests -->
        <test-method status="PASS" signature="failedTest(org.testng.ITestResult)[pri:0, instance:saucedemo.com.tests.LoginTest@61832929]" name="failedTest" is-config="true" duration-ms="0" started-at="2019-02-05T09:41:38Z" finished-at="2019-02-05T09:41:38Z">
          <params>
            <param index="0">
              <value>
                <![CDATA[[TestResult name=loginTests status=SUCCESS method=LoginTest.loginTests(java.lang.String, java.lang.String, java.lang.String)[pri:1, instance:saucedemo.com.tests.LoginTest@61832929] output={null}]]]>
              </value>
            </param>
          </params>
          <reporter-output>
          </reporter-output>
        </test-method> <!-- failedTest -->
        <test-method status="PASS" signature="tearDown()[pri:0, instance:saucedemo.com.tests.LoginTest@61832929]" name="tearDown" is-config="true" duration-ms="605" started-at="2019-02-05T09:41:38Z" finished-at="2019-02-05T09:41:39Z">
          <reporter-output>
          </reporter-output>
        </test-method> <!-- tearDown -->
      </class> <!-- saucedemo.com.tests.LoginTest -->
    </test> <!-- Default test -->
  </suite> <!-- Default suite -->
</testng-results>
